2024-02-18 17:45:43.425 [main] INFO  com.mengchu.CompetitionCaseApplicationTests - Starting CompetitionCaseApplicationTests using Java 21.0.1 with PID 25704 (started by 17317 in D:\java-basic\competition-case)
2024-02-18 17:45:43.431 [main] INFO  com.mengchu.CompetitionCaseApplicationTests - The following 1 profile is active: "dev"
2024-02-18 17:45:46.036 [main] INFO  com.mengchu.CompetitionCaseApplicationTests - Started CompetitionCaseApplicationTests in 3.171 seconds (process running for 4.41)
2024-02-18 17:45:48.342 [SpringApplicationShutdownHook] INFO  com.alibaba.druid.pool.DruidDataSource - {dataSource-0} closing ...
2024-02-18 18:53:24.077 [main] INFO  com.mengchu.CompetitionCaseApplication - Starting CompetitionCaseApplication using Java 21.0.1 with PID 2320 (D:\java-basic\competition-case\target\classes started by 17317 in D:\java-basic\competition-case)
2024-02-18 18:53:24.080 [main] INFO  com.mengchu.CompetitionCaseApplication - The following 1 profile is active: "dev"
2024-02-18 18:53:24.883 [main] INFO  o.s.boot.web.embedded.tomcat.TomcatWebServer - Tomcat initialized with port 8080 (http)
2024-02-18 18:53:24.892 [main] INFO  org.apache.coyote.http11.Http11NioProtocol - Initializing ProtocolHandler ["http-nio-8080"]
2024-02-18 18:53:24.894 [main] INFO  org.apache.catalina.core.StandardService - Starting service [Tomcat]
2024-02-18 18:53:24.894 [main] INFO  org.apache.catalina.core.StandardEngine - Starting Servlet engine: [Apache Tomcat/10.1.18]
2024-02-18 18:53:24.943 [main] INFO  o.a.c.core.ContainerBase.[Tomcat].[localhost].[/] - Initializing Spring embedded WebApplicationContext
2024-02-18 18:53:24.943 [main] INFO  o.s.b.w.s.c.ServletWebServerApplicationContext - Root WebApplicationContext: initialization completed in 833 ms
2024-02-18 18:53:25.428 [main] INFO  org.apache.coyote.http11.Http11NioProtocol - Starting ProtocolHandler ["http-nio-8080"]
2024-02-18 18:53:25.445 [main] INFO  o.s.boot.web.embedded.tomcat.TomcatWebServer - Tomcat started on port 8080 (http) with context path ''
2024-02-18 18:53:25.450 [main] INFO  com.mengchu.CompetitionCaseApplication - Started CompetitionCaseApplication in 1.759 seconds (process running for 2.295)
2024-02-18 18:56:33.860 [SpringApplicationShutdownHook] INFO  com.alibaba.druid.pool.DruidDataSource - {dataSource-0} closing ...
2024-02-18 18:56:36.942 [main] INFO  com.mengchu.CompetitionCaseApplication - Starting CompetitionCaseApplication using Java 21.0.1 with PID 9076 (D:\java-basic\competition-case\target\classes started by 17317 in D:\java-basic\competition-case)
2024-02-18 18:56:36.945 [main] INFO  com.mengchu.CompetitionCaseApplication - The following 1 profile is active: "dev"
2024-02-18 18:56:37.624 [main] INFO  o.s.boot.web.embedded.tomcat.TomcatWebServer - Tomcat initialized with port 8080 (http)
2024-02-18 18:56:37.632 [main] INFO  org.apache.coyote.http11.Http11NioProtocol - Initializing ProtocolHandler ["http-nio-8080"]
2024-02-18 18:56:37.634 [main] INFO  org.apache.catalina.core.StandardService - Starting service [Tomcat]
2024-02-18 18:56:37.634 [main] INFO  org.apache.catalina.core.StandardEngine - Starting Servlet engine: [Apache Tomcat/10.1.18]
2024-02-18 18:56:37.669 [main] INFO  o.a.c.core.ContainerBase.[Tomcat].[localhost].[/] - Initializing Spring embedded WebApplicationContext
2024-02-18 18:56:37.669 [main] INFO  o.s.b.w.s.c.ServletWebServerApplicationContext - Root WebApplicationContext: initialization completed in 692 ms
2024-02-18 18:56:37.712 [main] INFO  org.apache.catalina.core.StandardService - Stopping service [Tomcat]
2024-02-18 18:56:37.733 [main] INFO  o.s.b.a.logging.ConditionEvaluationReportLogger - 

Error starting ApplicationContext. To display the condition evaluation report re-run your application with 'debug' enabled.
2024-02-18 18:59:46.891 [main] INFO  com.mengchu.CompetitionCaseApplication - Starting CompetitionCaseApplication using Java 21.0.1 with PID 14240 (D:\java-basic\competition-case\target\classes started by 17317 in D:\java-basic\competition-case)
2024-02-18 18:59:46.893 [main] INFO  com.mengchu.CompetitionCaseApplication - The following 1 profile is active: "dev"
2024-02-18 18:59:47.581 [main] INFO  o.s.boot.web.embedded.tomcat.TomcatWebServer - Tomcat initialized with port 8080 (http)
2024-02-18 18:59:47.588 [main] INFO  org.apache.coyote.http11.Http11NioProtocol - Initializing ProtocolHandler ["http-nio-8080"]
2024-02-18 18:59:47.589 [main] INFO  org.apache.catalina.core.StandardService - Starting service [Tomcat]
2024-02-18 18:59:47.589 [main] INFO  org.apache.catalina.core.StandardEngine - Starting Servlet engine: [Apache Tomcat/10.1.18]
2024-02-18 18:59:47.627 [main] INFO  o.a.c.core.ContainerBase.[Tomcat].[localhost].[/] - Initializing Spring embedded WebApplicationContext
2024-02-18 18:59:47.627 [main] INFO  o.s.b.w.s.c.ServletWebServerApplicationContext - Root WebApplicationContext: initialization completed in 706 ms
2024-02-18 18:59:48.079 [main] INFO  org.apache.coyote.http11.Http11NioProtocol - Starting ProtocolHandler ["http-nio-8080"]
2024-02-18 18:59:48.093 [main] INFO  o.s.boot.web.embedded.tomcat.TomcatWebServer - Tomcat started on port 8080 (http) with context path ''
2024-02-18 18:59:48.098 [main] INFO  com.mengchu.CompetitionCaseApplication - Started CompetitionCaseApplication in 1.567 seconds (process running for 1.987)
2024-02-18 19:00:12.131 [http-nio-8080-exec-2] INFO  o.a.c.core.ContainerBase.[Tomcat].[localhost].[/] - Initializing Spring DispatcherServlet 'dispatcherServlet'
2024-02-18 19:00:12.131 [http-nio-8080-exec-2] INFO  org.springframework.web.servlet.DispatcherServlet - Initializing Servlet 'dispatcherServlet'
2024-02-18 19:00:12.134 [http-nio-8080-exec-2] INFO  org.springframework.web.servlet.DispatcherServlet - Completed initialization in 2 ms
2024-02-18 19:00:12.333 [http-nio-8080-exec-2] INFO  com.mengchu.controller.LoginController - 用户登陆，zhangsan
2024-02-18 19:00:12.495 [http-nio-8080-exec-2] INFO  com.alibaba.druid.pool.DruidDataSource - {dataSource-1} inited
2024-02-18 19:00:58.460 [http-nio-8080-exec-3] INFO  com.mengchu.interceptor.LoginCheckInterceptor - {nickname=null, description=null, id=6, collection=null, exp=1708426813, username=zhangsan}
2024-02-18 19:00:58.460 [http-nio-8080-exec-3] INFO  com.mengchu.interceptor.LoginCheckInterceptor - 令牌合法，放行
2024-02-18 19:02:28.746 [SpringApplicationShutdownHook] INFO  com.alibaba.druid.pool.DruidDataSource - {dataSource-1} closing ...
2024-02-18 19:02:28.753 [SpringApplicationShutdownHook] INFO  com.alibaba.druid.pool.DruidDataSource - {dataSource-1} closed
